<?xml version="1.0" encoding="UTF-8"?>
<!-- Generated by org.testng.reporters.JUnitReportReporter -->
<testsuite hostname="LAPTOP-PTNS5S83" failures="0" tests="1" name="extentreportlearning.Reports" time="0.007" errors="0" timestamp="26 Dec 2023 18:06:09 GMT">
  <testcase classname="extentreportlearning.Reports" name="callme" time="0.007"/>
</testsuite> <!-- extentreportlearning.Reports -->
