<?xml version="1.0" encoding="UTF-8"?>
<!-- Generated by org.testng.reporters.JUnitReportReporter -->
<testsuite hostname="LAPTOP-PTNS5S83" failures="0" tests="5" name="TestCases.LoginCases" time="6.465" errors="0" timestamp="2024-10-06T20:03:34 IST" skipped="0">
  <testcase classname="TestCases.LoginCases" name="InavalidEmailandPassword" time="2.944"/>
  <system-out/>
  <testcase classname="TestCases.LoginCases" name="EmptyPasswordValidation" time="0.345"/>
  <system-out/>
  <testcase classname="TestCases.LoginCases" name="InvalidEmailFormat" time="0.329"/>
  <system-out/>
  <testcase classname="TestCases.LoginCases" name="EmptyEmailEmptyPassword" time="0.198"/>
  <system-out/>
  <testcase classname="TestCases.LoginCases" name="aLogin" time="2.649"/>
  <system-out/>
</testsuite> <!-- TestCases.LoginCases -->
