<?xml version="1.0" encoding="UTF-8"?>
<!-- Generated by org.testng.reporters.JUnitReportReporter -->
<testsuite hostname="LAPTOP-PTNS5S83" failures="0" tests="5" name="TestCases.LoginCases" time="6.068" errors="0" timestamp="2025-01-04T22:08:49 IST" skipped="0">
  <testcase classname="TestCases.LoginCases" name="InavalidEmailandPassword" time="2.174"/>
  <system-out/>
  <testcase classname="TestCases.LoginCases" name="EmptyPasswordValidation" time="0.575"/>
  <system-out/>
  <testcase classname="TestCases.LoginCases" name="InvalidEmailFormat" time="0.568"/>
  <system-out/>
  <testcase classname="TestCases.LoginCases" name="EmptyEmailEmptyPassword" time="0.348"/>
  <system-out/>
  <testcase classname="TestCases.LoginCases" name="aLogin" time="2.403"/>
  <system-out/>
</testsuite> <!-- TestCases.LoginCases -->
