<?xml version="1.0" encoding="UTF-8"?>
<!-- Generated by org.testng.reporters.JUnitReportReporter -->
<testsuite hostname="LAPTOP-PTNS5S83" failures="0" tests="6" name="TestCases.CreateFormCases" time="63.414" errors="0" timestamp="2024-10-06T20:03:34 IST" skipped="0">
  <testcase classname="TestCases.CreateFormCases" name="LandinDashboardPage" time="2.300"/>
  <system-out/>
  <testcase classname="TestCases.CreateFormCases" name="CreatFormPopup" time="0.645"/>
  <system-out/>
  <testcase classname="TestCases.CreateFormCases" name="CreatFormLandingPage" time="9.959"/>
  <system-out/>
  <testcase classname="TestCases.CreateFormCases" name="InvalidNameform" time="43.859"/>
  <system-out/>
  <testcase classname="TestCases.CreateFormCases" name="ValidNamingform" time="1.429"/>
  <system-out/>
  <testcase classname="TestCases.CreateFormCases" name="checkNameinList" time="5.222"/>
  <system-out/>
</testsuite> <!-- TestCases.CreateFormCases -->
