<?xml version="1.0" encoding="UTF-8"?>
<!-- Generated by org.testng.reporters.JUnitReportReporter -->
<testsuite hostname="LAPTOP-PTNS5S83" failures="0" tests="5" name="TestCases.LoginCases" time="6.298" errors="0" timestamp="2024-12-10T00:00:18 IST" skipped="0">
  <testcase classname="TestCases.LoginCases" name="InavalidEmailandPassword" time="1.957"/>
  <system-out/>
  <testcase classname="TestCases.LoginCases" name="EmptyPasswordValidation" time="0.356"/>
  <system-out/>
  <testcase classname="TestCases.LoginCases" name="InvalidEmailFormat" time="0.355"/>
  <system-out/>
  <testcase classname="TestCases.LoginCases" name="EmptyEmailEmptyPassword" time="0.204"/>
  <system-out/>
  <testcase classname="TestCases.LoginCases" name="aLogin" time="3.426"/>
  <system-out/>
</testsuite> <!-- TestCases.LoginCases -->
