<?xml version="1.0" encoding="UTF-8"?>
<!-- Generated by org.testng.reporters.JUnitReportReporter -->
<testsuite hostname="LAPTOP-PTNS5S83" failures="0" tests="17" name="TestCases.StepForm" time="171.271" errors="0" timestamp="2025-01-04T22:08:49 IST" skipped="0">
  <testcase classname="TestCases.StepForm" name="LandinDashboardPage" time="2.936"/>
  <system-out/>
  <testcase classname="TestCases.StepForm" name="TabNameValidation" time="50.883"/>
  <system-out/>
  <testcase classname="TestCases.StepForm" name="UpdateTabName" time="5.964"/>
  <system-out/>
  <testcase classname="TestCases.StepForm" name="AddFields" time="2.697"/>
  <system-out/>
  <testcase classname="TestCases.StepForm" name="AddNumberField" time="28.400"/>
  <system-out/>
  <testcase classname="TestCases.StepForm" name="AddWebsiteField" time="6.221"/>
  <system-out/>
  <testcase classname="TestCases.StepForm" name="AddTimeField" time="6.785"/>
  <system-out/>
  <testcase classname="TestCases.StepForm" name="TextAreaField" time="6.769"/>
  <system-out/>
  <testcase classname="TestCases.StepForm" name="shortTextField" time="6.769"/>
  <system-out/>
  <testcase classname="TestCases.StepForm" name="dateTextField" time="6.732"/>
  <system-out/>
  <testcase classname="TestCases.StepForm" name="Tab2NameValidation" time="5.169"/>
  <system-out/>
  <testcase classname="TestCases.StepForm" name="Tab2NameAddition" time="5.943"/>
  <system-out/>
  <testcase classname="TestCases.StepForm" name="AddFieldsTwo" time="1.374"/>
  <system-out/>
  <testcase classname="TestCases.StepForm" name="AddDropDownLable" time="11.645"/>
  <system-out/>
  <testcase classname="TestCases.StepForm" name="AddRadioLable" time="8.447"/>
  <system-out/>
  <testcase classname="TestCases.StepForm" name="AddCheckboxLable" time="8.236"/>
  <system-out/>
  <testcase classname="TestCases.StepForm" name="MakeActive" time="6.301"/>
  <system-out/>
</testsuite> <!-- TestCases.StepForm -->
