<?xml version="1.0" encoding="UTF-8"?>
<!-- Generated by org.testng.reporters.JUnitReportReporter -->
<testsuite hostname="LAPTOP-PTNS5S83" failures="0" tests="10" name="TestCases.UpdateFields" time="106.718" errors="0" timestamp="2025-01-07T17:46:34 IST" skipped="0">
  <testcase classname="TestCases.UpdateFields" name="LandinDashboardPage" time="2.691"/>
  <system-out/>
  <testcase classname="TestCases.UpdateFields" name="AddTextField" time="50.263"/>
  <system-out/>
  <testcase classname="TestCases.UpdateFields" name="AddNumberField" time="10.616"/>
  <system-out/>
  <testcase classname="TestCases.UpdateFields" name="AddEmailField" time="6.172"/>
  <system-out/>
  <testcase classname="TestCases.UpdateFields" name="AddText" time="7.869"/>
  <system-out/>
  <testcase classname="TestCases.UpdateFields" name="DragandDropParaHeading" time="0.948"/>
  <system-out/>
  <testcase classname="TestCases.UpdateFields" name="HeadingName" time="2.364"/>
  <system-out/>
  <testcase classname="TestCases.UpdateFields" name="ParaName" time="23.785"/>
  <system-out/>
  <testcase classname="TestCases.UpdateFields" name="publishButton" time="1.873"/>
  <system-out/>
  <testcase classname="TestCases.UpdateFields" name="checkActiveNumbers" time="0.137"/>
  <system-out/>
</testsuite> <!-- TestCases.UpdateFields -->
