<?xml version="1.0" encoding="UTF-8"?>
<!-- Generated by org.testng.reporters.JUnitReportReporter -->
<testsuite hostname="LAPTOP-PTNS5S83" failures="0" tests="10" name="TestCases.UpdateFields" time="132.313" errors="0" timestamp="2025-01-08T19:01:17 IST" skipped="0">
  <testcase classname="TestCases.UpdateFields" name="LandinDashboardPage" time="2.440"/>
  <system-out/>
  <testcase classname="TestCases.UpdateFields" name="AddTextField" time="50.300"/>
  <system-out/>
  <testcase classname="TestCases.UpdateFields" name="AddNumberField" time="10.418"/>
  <system-out/>
  <testcase classname="TestCases.UpdateFields" name="AddEmailField" time="6.967"/>
  <system-out/>
  <testcase classname="TestCases.UpdateFields" name="AddText" time="27.848"/>
  <system-out/>
  <testcase classname="TestCases.UpdateFields" name="DragandDropParaHeading" time="1.558"/>
  <system-out/>
  <testcase classname="TestCases.UpdateFields" name="HeadingName" time="7.153"/>
  <system-out/>
  <testcase classname="TestCases.UpdateFields" name="ParaName" time="6.731"/>
  <system-out/>
  <testcase classname="TestCases.UpdateFields" name="publishButton" time="6.388"/>
  <system-out/>
  <testcase classname="TestCases.UpdateFields" name="checkActiveNumbers" time="12.510"/>
  <system-out/>
</testsuite> <!-- TestCases.UpdateFields -->
