<?xml version="1.0" encoding="UTF-8"?>
<!-- Generated by org.testng.reporters.JUnitReportReporter -->
<testsuite hostname="LAPTOP-PTNS5S83" failures="0" tests="9" name="TestCases.UpdateFields" time="109.933" errors="0" timestamp="2024-12-14T23:04:02 IST" skipped="0">
  <testcase classname="TestCases.UpdateFields" name="LandinDashboardPage" time="3.710"/>
  <system-out/>
  <testcase classname="TestCases.UpdateFields" name="AddTextField" time="50.512"/>
  <system-out/>
  <testcase classname="TestCases.UpdateFields" name="AddText" time="6.868"/>
  <system-out/>
  <testcase classname="TestCases.UpdateFields" name="AddEmailField" time="7.678"/>
  <system-out/>
  <testcase classname="TestCases.UpdateFields" name="AddNumberField" time="6.528"/>
  <system-out/>
  <testcase classname="TestCases.UpdateFields" name="DragandDropParaHeading" time="0.958"/>
  <system-out/>
  <testcase classname="TestCases.UpdateFields" name="HeadingName" time="24.653"/>
  <system-out/>
  <testcase classname="TestCases.UpdateFields" name="ParaName" time="2.913"/>
  <system-out/>
  <testcase classname="TestCases.UpdateFields" name="publishButton" time="6.113"/>
  <system-out/>
</testsuite> <!-- TestCases.UpdateFields -->
