<?xml version="1.0" encoding="UTF-8"?>
<!-- Generated by org.testng.reporters.JUnitReportReporter -->
<testsuite hostname="LAPTOP-PTNS5S83" failures="0" tests="17" name="TestCases.StepForm" time="174.606" errors="0" timestamp="2025-01-06T23:31:23 IST" skipped="0">
  <testcase classname="TestCases.StepForm" name="LandinDashboardPage" time="3.893"/>
  <system-out/>
  <testcase classname="TestCases.StepForm" name="TabNameValidation" time="51.764"/>
  <system-out/>
  <testcase classname="TestCases.StepForm" name="UpdateTabName" time="6.035"/>
  <system-out/>
  <testcase classname="TestCases.StepForm" name="AddFields" time="2.769"/>
  <system-out/>
  <testcase classname="TestCases.StepForm" name="AddNumberField" time="28.205"/>
  <system-out/>
  <testcase classname="TestCases.StepForm" name="AddWebsiteField" time="6.364"/>
  <system-out/>
  <testcase classname="TestCases.StepForm" name="AddTimeField" time="6.878"/>
  <system-out/>
  <testcase classname="TestCases.StepForm" name="TextAreaField" time="6.781"/>
  <system-out/>
  <testcase classname="TestCases.StepForm" name="shortTextField" time="6.845"/>
  <system-out/>
  <testcase classname="TestCases.StepForm" name="dateTextField" time="7.432"/>
  <system-out/>
  <testcase classname="TestCases.StepForm" name="Tab2NameValidation" time="4.730"/>
  <system-out/>
  <testcase classname="TestCases.StepForm" name="Tab2NameAddition" time="5.999"/>
  <system-out/>
  <testcase classname="TestCases.StepForm" name="AddFieldsTwo" time="1.450"/>
  <system-out/>
  <testcase classname="TestCases.StepForm" name="AddDropDownLable" time="11.705"/>
  <system-out/>
  <testcase classname="TestCases.StepForm" name="AddRadioLable" time="8.609"/>
  <system-out/>
  <testcase classname="TestCases.StepForm" name="AddCheckboxLable" time="8.860"/>
  <system-out/>
  <testcase classname="TestCases.StepForm" name="MakeActive" time="6.287"/>
  <system-out/>
</testsuite> <!-- TestCases.StepForm -->
