<?xml version="1.0" encoding="UTF-8"?>
<!-- Generated by org.testng.reporters.JUnitReportReporter -->
<testsuite hostname="LAPTOP-PTNS5S83" failures="0" tests="5" name="TestCases.AddFormData" time="60.193" errors="0" timestamp="2024-10-06T20:03:34 IST" skipped="0">
  <testcase classname="TestCases.AddFormData" name="Login" time="2.742"/>
  <system-out/>
  <testcase classname="TestCases.AddFormData" name="getSubmissionCount" time="1.085"/>
  <system-out/>
  <testcase classname="TestCases.AddFormData" name="ClickCustomFormLink" time="47.139"/>
  <system-out/>
  <testcase classname="TestCases.AddFormData" name="Newtab" time="8.055"/>
  <system-out/>
  <testcase classname="TestCases.AddFormData" name="checkSubmissionCount" time="1.172"/>
  <system-out/>
</testsuite> <!-- TestCases.AddFormData -->
