<?xml version="1.0" encoding="UTF-8"?>
<!-- Generated by org.testng.reporters.JUnitReportReporter -->
<testsuite hostname="LAPTOP-PTNS5S83" failures="0" tests="6" name="TestCases.CreateFormCases" time="61.770" errors="0" timestamp="2024-12-10T00:00:18 IST" skipped="0">
  <testcase classname="TestCases.CreateFormCases" name="LandinDashboardPage" time="4.234"/>
  <system-out/>
  <testcase classname="TestCases.CreateFormCases" name="CreatFormPopup" time="0.679"/>
  <system-out/>
  <testcase classname="TestCases.CreateFormCases" name="CreatFormLandingPage" time="5.904"/>
  <system-out/>
  <testcase classname="TestCases.CreateFormCases" name="InvalidNameform" time="44.797"/>
  <system-out/>
  <testcase classname="TestCases.CreateFormCases" name="ValidNamingform" time="0.928"/>
  <system-out/>
  <testcase classname="TestCases.CreateFormCases" name="checkNameinList" time="5.228"/>
  <system-out/>
</testsuite> <!-- TestCases.CreateFormCases -->
