<?xml version="1.0" encoding="UTF-8"?>
<!-- Generated by org.testng.reporters.JUnitReportReporter -->
<testsuite hostname="LAPTOP-PTNS5S83" failures="0" tests="3" name="TestCases.DeleteForm" time="122.320" errors="0" timestamp="2025-01-04T22:08:49 IST" skipped="0">
  <testcase classname="TestCases.DeleteForm" name="Login" time="2.757"/>
  <system-out/>
  <testcase classname="TestCases.DeleteForm" name="RemoveFields" time="116.840"/>
  <system-out/>
  <testcase classname="TestCases.DeleteForm" name="DeleteForm" time="2.723"/>
  <system-out/>
</testsuite> <!-- TestCases.DeleteForm -->
