<?xml version="1.0" encoding="UTF-8"?>
<!-- Generated by org.testng.reporters.JUnitReportReporter -->
<testsuite hostname="LAPTOP-PTNS5S83" failures="0" tests="10" name="TestCases.RegistrationCases" time="6.913" errors="0" timestamp="2024-10-06T20:03:34 IST" skipped="0">
  <testcase classname="TestCases.RegistrationCases" name="LandinRegistrationPage" time="0.488"/>
  <system-out/>
  <testcase classname="TestCases.RegistrationCases" name="checkMandatoryValidation" time="0.190"/>
  <system-out/>
  <testcase classname="TestCases.RegistrationCases" name="checkValidEmail" time="0.217"/>
  <system-out/>
  <testcase classname="TestCases.RegistrationCases" name="checkPasswordMandatory" time="0.100"/>
  <system-out/>
  <testcase classname="TestCases.RegistrationCases" name="checkCharPasswordValidation" time="0.182"/>
  <system-out/>
  <testcase classname="TestCases.RegistrationCases" name="checkPasswordValidations" time="0.209"/>
  <system-out/>
  <testcase classname="TestCases.RegistrationCases" name="checkMaxCharPasswordValidation" time="0.224"/>
  <system-out/>
  <testcase classname="TestCases.RegistrationCases" name="checkEmailUniqueValidation" time="2.063"/>
  <system-out/>
  <testcase classname="TestCases.RegistrationCases" name="checkGotoLoginLink" time="0.212"/>
  <system-out/>
  <testcase classname="TestCases.RegistrationCases" name="checkSuccessForm" time="3.028"/>
  <system-out/>
</testsuite> <!-- TestCases.RegistrationCases -->
