<?xml version="1.0" encoding="UTF-8"?>
<!-- Generated by org.testng.reporters.JUnitReportReporter -->
<testsuite hostname="LAPTOP-PTNS5S83" failures="0" tests="6" name="TestCases.UpdateFields" time="84.117" errors="0" timestamp="2024-10-06T20:03:34 IST" skipped="0">
  <testcase classname="TestCases.UpdateFields" name="LandinDashboardPage" time="4.091"/>
  <system-out/>
  <testcase classname="TestCases.UpdateFields" name="AddTextField" time="54.645"/>
  <system-out/>
  <testcase classname="TestCases.UpdateFields" name="AddText" time="6.443"/>
  <system-out/>
  <testcase classname="TestCases.UpdateFields" name="AddEmailField" time="6.430"/>
  <system-out/>
  <testcase classname="TestCases.UpdateFields" name="AddNumberField" time="6.392"/>
  <system-out/>
  <testcase classname="TestCases.UpdateFields" name="publishButton" time="6.116"/>
  <system-out/>
</testsuite> <!-- TestCases.UpdateFields -->
