<?xml version="1.0" encoding="UTF-8"?>
<!-- Generated by org.testng.reporters.JUnitReportReporter -->
<testsuite hostname="LAPTOP-PTNS5S83" failures="0" tests="3" name="TestCases.DeleteAll" time="5.613" errors="0" timestamp="2025-01-04T22:08:49 IST" skipped="1">
  <testcase classname="TestCases.DeleteAll" name="Login" time="2.645"/>
  <system-out/>
  <testcase classname="TestCases.DeleteAll" name="DeleteForm" time="2.968"/>
  <system-out/>
  <testcase classname="TestCases.DeleteAll" name="RemoveFields">
    <skipped/>
  </testcase> <!-- RemoveFields -->
  <system-out/>
</testsuite> <!-- TestCases.DeleteAll -->
