<?xml version="1.0" encoding="UTF-8"?>
<!-- Generated by org.testng.reporters.JUnitReportReporter -->
<testsuite hostname="LAPTOP-PTNS5S83" failures="0" tests="2" name="TestCases.DeleteForm" time="5.571" errors="0" timestamp="2024-10-06T20:03:34 IST" skipped="0">
  <testcase classname="TestCases.DeleteForm" name="Login" time="2.707"/>
  <system-out/>
  <testcase classname="TestCases.DeleteForm" name="DeleteForm" time="2.864"/>
  <system-out/>
</testsuite> <!-- TestCases.DeleteForm -->
