<?xml version="1.0" encoding="UTF-8"?>
<!-- Generated by org.testng.reporters.JUnitReportReporter -->
<testsuite hostname="LAPTOP-PTNS5S83" failures="0" tests="1" name="TestCases.LoginCases" time="2.718" errors="0" timestamp="2025-01-05T20:57:55 IST" skipped="0">
  <testcase classname="TestCases.LoginCases" name="InavalidEmailandPassword" time="2.718"/>
  <system-out/>
</testsuite> <!-- TestCases.LoginCases -->
