<?xml version="1.0" encoding="UTF-8"?>
<!-- Generated by org.testng.reporters.JUnitReportReporter -->
<testsuite hostname="LAPTOP-PTNS5S83" failures="0" tests="9" name="TestCases.StepForm" time="107.933" errors="0" timestamp="2024-11-30T00:19:01 IST" skipped="0">
  <testcase classname="TestCases.StepForm" name="LandinDashboardPage" time="3.769"/>
  <system-out/>
  <testcase classname="TestCases.StepForm" name="TabNameValidation" time="50.756"/>
  <system-out/>
  <testcase classname="TestCases.StepForm" name="UpdateTabName" time="6.101"/>
  <system-out/>
  <testcase classname="TestCases.StepForm" name="Tab2NameValidation" time="9.160"/>
  <system-out/>
  <testcase classname="TestCases.StepForm" name="Tab2NameAddition" time="6.589"/>
  <system-out/>
  <testcase classname="TestCases.StepForm" name="AddFields" time="1.426"/>
  <system-out/>
  <testcase classname="TestCases.StepForm" name="AddDropDownLable" time="12.111"/>
  <system-out/>
  <testcase classname="TestCases.StepForm" name="AddRadioLable" time="8.934"/>
  <system-out/>
  <testcase classname="TestCases.StepForm" name="AddCheckboxLable" time="9.087"/>
  <system-out/>
</testsuite> <!-- TestCases.StepForm -->
