<?xml version="1.0" encoding="UTF-8"?>
<!-- Generated by org.testng.reporters.JUnitReportReporter -->
<testsuite hostname="LAPTOP-PTNS5S83" failures="0" tests="3" name="TestCases.DeleteForm" time="122.033" errors="0" timestamp="2024-12-14T23:56:26 IST" skipped="0">
  <testcase classname="TestCases.DeleteForm" name="Login" time="3.275"/>
  <system-out/>
  <testcase classname="TestCases.DeleteForm" name="RemoveFields" time="115.711"/>
  <system-out/>
  <testcase classname="TestCases.DeleteForm" name="DeleteForm" time="3.047"/>
  <system-out/>
</testsuite> <!-- TestCases.DeleteForm -->
