<?xml version="1.0" encoding="UTF-8"?>
<!-- Generated by org.testng.reporters.JUnitReportReporter -->
<testsuite hostname="LAPTOP-PTNS5S83" failures="0" tests="8" name="TestCases.SearchFields" time="79.893" errors="0" timestamp="2025-01-04T22:08:49 IST" skipped="0">
  <testcase classname="TestCases.SearchFields" name="LandinDashboardPage" time="2.864"/>
  <system-out/>
  <testcase classname="TestCases.SearchFields" name="SearchFieldExist" time="47.799"/>
  <system-out/>
  <testcase classname="TestCases.SearchFields" name="SearchFindsFields" time="4.937"/>
  <system-out/>
  <testcase classname="TestCases.SearchFields" name="SearchFindsFields" time="4.955"/>
  <system-out/>
  <testcase classname="TestCases.SearchFields" name="SearchFindsFields" time="4.414"/>
  <system-out/>
  <testcase classname="TestCases.SearchFields" name="SearchFindsFields" time="5.030"/>
  <system-out/>
  <testcase classname="TestCases.SearchFields" name="SearchFindsFields" time="4.921"/>
  <system-out/>
  <testcase classname="TestCases.SearchFields" name="SearchFindsFields" time="4.973"/>
  <system-out/>
</testsuite> <!-- TestCases.SearchFields -->
