<?xml version="1.0" encoding="UTF-8"?>
<!-- Generated by org.testng.reporters.JUnitReportReporter -->
<testsuite hostname="LAPTOP-PTNS5S83" failures="0" tests="7" name="TestCases.AddFormData" time="67.210" errors="0" timestamp="2025-01-04T22:08:49 IST" skipped="0">
  <testcase classname="TestCases.AddFormData" name="Login" time="2.438"/>
  <system-out/>
  <testcase classname="TestCases.AddFormData" name="getSubmissionCount" time="0.579"/>
  <system-out/>
  <testcase classname="TestCases.AddFormData" name="ClickCustomFormLink" time="46.764"/>
  <system-out/>
  <testcase classname="TestCases.AddFormData" name="Newtab" time="8.624"/>
  <system-out/>
  <testcase classname="TestCases.AddFormData" name="checkSubmissionCount" time="1.136"/>
  <system-out/>
  <testcase classname="TestCases.AddFormData" name="checkSubmissionList" time="7.033"/>
  <system-out/>
  <testcase classname="TestCases.AddFormData" name="deleteForm" time="0.636"/>
  <system-out/>
</testsuite> <!-- TestCases.AddFormData -->
