<?xml version="1.0" encoding="UTF-8"?>
<!-- Generated by org.testng.reporters.JUnitReportReporter -->
<testsuite hostname="LAPTOP-PTNS5S83" failures="0" tests="3" name="extentreportlearning.Opengoogle" time="0.009" errors="0" timestamp="3 Jan 2024 17:57:17 GMT">
  <testcase classname="extentreportlearning.Opengoogle" name="exceptionsd" time="0.001"/>
  <testcase classname="extentreportlearning.Opengoogle" name="openbrowser" time="0.001"/>
  <testcase classname="extentreportlearning.Opengoogle" name="exceptions" time="0.007"/>
</testsuite> <!-- extentreportlearning.Opengoogle -->
