<?xml version="1.0" encoding="UTF-8"?>
<!-- Generated by org.testng.reporters.JUnitReportReporter -->
<testsuite hostname="LAPTOP-PTNS5S83" failures="0" tests="10" name="TestCases.RegistrationCases" time="7.889" errors="0" timestamp="2025-01-04T22:08:49 IST" skipped="0">
  <testcase classname="TestCases.RegistrationCases" name="LandinRegistrationPage" time="0.649"/>
  <system-out/>
  <testcase classname="TestCases.RegistrationCases" name="checkMandatoryValidation" time="0.476"/>
  <system-out/>
  <testcase classname="TestCases.RegistrationCases" name="checkValidEmail" time="0.398"/>
  <system-out/>
  <testcase classname="TestCases.RegistrationCases" name="checkPasswordMandatory" time="0.199"/>
  <system-out/>
  <testcase classname="TestCases.RegistrationCases" name="checkCharPasswordValidation" time="0.405"/>
  <system-out/>
  <testcase classname="TestCases.RegistrationCases" name="checkPasswordValidations" time="0.371"/>
  <system-out/>
  <testcase classname="TestCases.RegistrationCases" name="checkMaxCharPasswordValidation" time="0.368"/>
  <system-out/>
  <testcase classname="TestCases.RegistrationCases" name="checkEmailUniqueValidation" time="1.907"/>
  <system-out/>
  <testcase classname="TestCases.RegistrationCases" name="checkGotoLoginLink" time="0.328"/>
  <system-out/>
  <testcase classname="TestCases.RegistrationCases" name="checkSuccessForm" time="2.788"/>
  <system-out/>
</testsuite> <!-- TestCases.RegistrationCases -->
