<?xml version="1.0" encoding="UTF-8"?>
<!-- Generated by org.testng.reporters.JUnitReportReporter -->
<testsuite hostname="LAPTOP-PTNS5S83" failures="0" tests="12" name="TestCases.CreateFormCases" time="126.829" errors="0" timestamp="2025-01-04T22:08:49 IST" skipped="0">
  <testcase classname="TestCases.CreateFormCases" name="LandinDashboardPage" time="3.124"/>
  <system-out/>
  <testcase classname="TestCases.CreateFormCases" name="LandinDashboardPage" time="2.692"/>
  <system-out/>
  <testcase classname="TestCases.CreateFormCases" name="CreatFormPopup" time="0.836"/>
  <system-out/>
  <testcase classname="TestCases.CreateFormCases" name="CreatFormPopup" time="0.734"/>
  <system-out/>
  <testcase classname="TestCases.CreateFormCases" name="CreatFormLandingPage" time="10.483"/>
  <system-out/>
  <testcase classname="TestCases.CreateFormCases" name="CreatFormLandingPage" time="6.664"/>
  <system-out/>
  <testcase classname="TestCases.CreateFormCases" name="InvalidNameform" time="44.211"/>
  <system-out/>
  <testcase classname="TestCases.CreateFormCases" name="InvalidNameform" time="44.995"/>
  <system-out/>
  <testcase classname="TestCases.CreateFormCases" name="ValidNamingform" time="1.414"/>
  <system-out/>
  <testcase classname="TestCases.CreateFormCases" name="ValidNamingform" time="1.030"/>
  <system-out/>
  <testcase classname="TestCases.CreateFormCases" name="checkNameinList" time="5.294"/>
  <system-out/>
  <testcase classname="TestCases.CreateFormCases" name="checkNameinList" time="5.352"/>
  <system-out/>
</testsuite> <!-- TestCases.CreateFormCases -->
