<?xml version="1.0" encoding="UTF-8"?>
<!-- Generated by org.testng.reporters.JUnitReportReporter -->
<testsuite hostname="LAPTOP-PTNS5S83" failures="0" tests="9" name="TestCases.UpdateFields" time="84.523" errors="0" timestamp="2025-01-04T22:08:49 IST" skipped="0">
  <testcase classname="TestCases.UpdateFields" name="LandinDashboardPage" time="2.835"/>
  <system-out/>
  <testcase classname="TestCases.UpdateFields" name="AddTextField" time="49.578"/>
  <system-out/>
  <testcase classname="TestCases.UpdateFields" name="AddText" time="6.236"/>
  <system-out/>
  <testcase classname="TestCases.UpdateFields" name="AddEmailField" time="6.586"/>
  <system-out/>
  <testcase classname="TestCases.UpdateFields" name="AddNumberField" time="6.502"/>
  <system-out/>
  <testcase classname="TestCases.UpdateFields" name="DragandDropParaHeading" time="0.948"/>
  <system-out/>
  <testcase classname="TestCases.UpdateFields" name="HeadingName" time="5.599"/>
  <system-out/>
  <testcase classname="TestCases.UpdateFields" name="ParaName" time="2.216"/>
  <system-out/>
  <testcase classname="TestCases.UpdateFields" name="publishButton" time="4.023"/>
  <system-out/>
</testsuite> <!-- TestCases.UpdateFields -->
