<?xml version="1.0" encoding="UTF-8"?>
<!-- Generated by org.testng.reporters.JUnitReportReporter -->
<testsuite hostname="LAPTOP-PTNS5S83" failures="0" tests="10" name="TestCases.RegistrationCases" time="6.852" errors="0" timestamp="2024-12-10T00:00:18 IST" skipped="0">
  <testcase classname="TestCases.RegistrationCases" name="LandinRegistrationPage" time="0.543"/>
  <system-out/>
  <testcase classname="TestCases.RegistrationCases" name="checkMandatoryValidation" time="0.245"/>
  <system-out/>
  <testcase classname="TestCases.RegistrationCases" name="checkValidEmail" time="0.232"/>
  <system-out/>
  <testcase classname="TestCases.RegistrationCases" name="checkPasswordMandatory" time="0.115"/>
  <system-out/>
  <testcase classname="TestCases.RegistrationCases" name="checkCharPasswordValidation" time="0.202"/>
  <system-out/>
  <testcase classname="TestCases.RegistrationCases" name="checkPasswordValidations" time="0.224"/>
  <system-out/>
  <testcase classname="TestCases.RegistrationCases" name="checkMaxCharPasswordValidation" time="0.249"/>
  <system-out/>
  <testcase classname="TestCases.RegistrationCases" name="checkEmailUniqueValidation" time="1.577"/>
  <system-out/>
  <testcase classname="TestCases.RegistrationCases" name="checkGotoLoginLink" time="0.200"/>
  <system-out/>
  <testcase classname="TestCases.RegistrationCases" name="checkSuccessForm" time="3.265"/>
  <system-out/>
</testsuite> <!-- TestCases.RegistrationCases -->
