<?xml version="1.0" encoding="UTF-8"?>
<!-- Generated by org.testng.reporters.JUnitReportReporter -->
<testsuite hostname="LAPTOP-PTNS5S83" failures="0" tests="7" name="TestCases.AddFormData" time="67.967" errors="0" timestamp="2024-12-10T00:00:18 IST" skipped="0">
  <testcase classname="TestCases.AddFormData" name="Login" time="2.558"/>
  <system-out/>
  <testcase classname="TestCases.AddFormData" name="getSubmissionCount" time="0.572"/>
  <system-out/>
  <testcase classname="TestCases.AddFormData" name="ClickCustomFormLink" time="48.036"/>
  <system-out/>
  <testcase classname="TestCases.AddFormData" name="Newtab" time="7.998"/>
  <system-out/>
  <testcase classname="TestCases.AddFormData" name="checkSubmissionCount" time="1.138"/>
  <system-out/>
  <testcase classname="TestCases.AddFormData" name="checkSubmissionList" time="7.042"/>
  <system-out/>
  <testcase classname="TestCases.AddFormData" name="deleteForm" time="0.623"/>
  <system-out/>
</testsuite> <!-- TestCases.AddFormData -->
