<?xml version="1.0" encoding="UTF-8"?>
<!-- Generated by org.testng.reporters.JUnitReportReporter -->
<testsuite hostname="LAPTOP-PTNS5S83" failures="0" tests="1" name="TestCases.DropDownUpDown" time="0.008" errors="0" timestamp="2024-12-08T23:46:49 IST" skipped="0">
  <testcase classname="TestCases.DropDownUpDown" name="xclude" time="0.008"/>
  <system-out/>
</testsuite> <!-- TestCases.DropDownUpDown -->
